<?xml version="1.0" encoding="UTF-8"?>
<!-- Generated by org.testng.reporters.JUnitReportReporter -->
<testsuite hostname="DESKTOP-KOU1F3M" failures="0" tests="3" name="com.qa.test.PostCalls" time="2.635" errors="0" timestamp="2022-03-07T14:14:58 IST" skipped="1">
  <testcase classname="com.qa.test.PostCalls" name="postExample2" time="2.060"/>
  <system-out/>
  <testcase classname="com.qa.test.PostCalls" name="postExample3" time="0.575"/>
  <system-out/>
  <testcase classname="com.qa.test.PostCalls" name="postExample1">
    <skipped/>
  </testcase> <!-- postExample1 -->
  <system-out/>
</testsuite> <!-- com.qa.test.PostCalls -->
