<?xml version="1.0" encoding="UTF-8"?>
<!-- Generated by org.testng.reporters.JUnitReportReporter -->
<testsuite hostname="DESKTOP-KOU1F3M" failures="0" tests="3" name="com.qa.test.DeleteCalls" time="3.739" errors="0" timestamp="2022-03-07T18:35:14 IST" skipped="0">
  <testcase classname="com.qa.test.DeleteCalls" name="postExample3" time="0.554"/>
  <system-out/>
  <testcase classname="com.qa.test.DeleteCalls" name="deleteExample" time="2.638"/>
  <system-out/>
  <testcase classname="com.qa.test.DeleteCalls" name="postExample2" time="0.547"/>
  <system-out/>
</testsuite> <!-- com.qa.test.DeleteCalls -->
