<?xml version="1.0" encoding="UTF-8"?>
<!-- Generated by org.testng.reporters.JUnitReportReporter -->
<testsuite hostname="DESKTOP-KOU1F3M" failures="0" tests="5" name="com.qa.test.GETCalls" time="2.473" errors="0" timestamp="2022-03-06T22:36:30 IST" skipped="1">
  <testcase classname="com.qa.test.GETCalls" name="getExample" time="1.561"/>
  <system-out/>
  <testcase classname="com.qa.test.GETCalls" name="itemList" time="0.680"/>
  <system-out/>
  <testcase classname="com.qa.test.GETCalls" name="getShorterWay" time="0.097"/>
  <system-out/>
  <testcase classname="com.qa.test.GETCalls" name="responseFromList" time="0.135"/>
  <system-out/>
  <testcase classname="com.qa.test.GETCalls" name="getFailure">
    <skipped/>
  </testcase> <!-- getFailure -->
  <system-out/>
</testsuite> <!-- com.qa.test.GETCalls -->
