<?xml version="1.0" encoding="UTF-8"?>
<!-- Generated by org.testng.reporters.JUnitReportReporter -->
<testsuite hostname="DESKTOP-KOU1F3M" failures="0" tests="1" name="com.qa.test.PatchCalls" time="2.071" errors="0" timestamp="2022-03-07T18:30:15 IST" skipped="0">
  <testcase classname="com.qa.test.PatchCalls" name="patchExample" time="2.071"/>
  <system-out/>
</testsuite> <!-- com.qa.test.PatchCalls -->
